0 info it worked if it ends with ok
1 verbose cli [ 'E:\\node\\node.exe',
1 verbose cli   'E:\\node\\node_modules\\npm\\bin\\npm-cli.js',
1 verbose cli   'run',
1 verbose cli   'start',
1 verbose cli   '--scripts-prepend-node-path=auto' ]
2 info using npm@3.10.10
3 info using node@v6.11.4
4 verbose run-script [ 'prestart', 'start', 'poststart' ]
5 info lifecycle weui-wxss@1.1.1~prestart: weui-wxss@1.1.1
6 silly lifecycle weui-wxss@1.1.1~prestart: no script for prestart, continuing
7 info lifecycle weui-wxss@1.1.1~start: weui-wxss@1.1.1
8 verbose lifecycle weui-wxss@1.1.1~start: unsafe-perm in lifecycle true
9 verbose lifecycle weui-wxss@1.1.1~start: PATH: E:\node\node_modules\npm\bin\node-gyp-bin;F:\hefu\hfservice\shanghai\productOffering_研习社\node_modules\.bin;C:\Windows\system32;C:\Windows;C:\Windows\System32\Wbem;C:\Windows\System32\WindowsPowerShell\v1.0\;C:\Program Files\Microsoft SQL Server\110\Tools\Binn\;E:\node\;e:\git\cmd;C:\Program Files\TortoiseSVN\bin;C:\Program Files (x86)\NVIDIA Corporation\PhysX\Common;C:\Users\Administrator\AppData\Roaming\npm
10 verbose lifecycle weui-wxss@1.1.1~start: CWD: F:\hefu\hfservice\shanghai\productOffering_研习社
11 silly lifecycle weui-wxss@1.1.1~start: Args: [ '/d /s /c', 'gulp' ]
12 silly lifecycle weui-wxss@1.1.1~start: Returned: code: 1  signal: null
13 info lifecycle weui-wxss@1.1.1~start: Failed to exec start script
14 verbose stack Error: weui-wxss@1.1.1 start: `gulp`
14 verbose stack Exit status 1
14 verbose stack     at EventEmitter.<anonymous> (E:\node\node_modules\npm\lib\utils\lifecycle.js:255:16)
14 verbose stack     at emitTwo (events.js:106:13)
14 verbose stack     at EventEmitter.emit (events.js:191:7)
14 verbose stack     at ChildProcess.<anonymous> (E:\node\node_modules\npm\lib\utils\spawn.js:40:14)
14 verbose stack     at emitTwo (events.js:106:13)
14 verbose stack     at ChildProcess.emit (events.js:191:7)
14 verbose stack     at maybeClose (internal/child_process.js:920:16)
14 verbose stack     at Process.ChildProcess._handle.onexit (internal/child_process.js:230:5)
15 verbose pkgid weui-wxss@1.1.1
16 verbose cwd F:\hefu\hfservice\shanghai\productOffering_研习社
17 error Windows_NT 6.1.7601
18 error argv "E:\\node\\node.exe" "E:\\node\\node_modules\\npm\\bin\\npm-cli.js" "run" "start" "--scripts-prepend-node-path=auto"
19 error node v6.11.4
20 error npm  v3.10.10
21 error code ELIFECYCLE
22 error weui-wxss@1.1.1 start: `gulp`
22 error Exit status 1
23 error Failed at the weui-wxss@1.1.1 start script 'gulp'.
23 error Make sure you have the latest version of node.js and npm installed.
23 error If you do, this is most likely a problem with the weui-wxss package,
23 error not with npm itself.
23 error Tell the author that this fails on your system:
23 error     gulp
23 error You can get information on how to open an issue for this project with:
23 error     npm bugs weui-wxss
23 error Or if that isn't available, you can get their info via:
23 error     npm owner ls weui-wxss
23 error There is likely additional logging output above.
24 verbose exit [ 1, true ]
